  detector.c
c:\users\bsh23\anaconda3_64\envs\tf\yolo-for-windows-v2-master\yolo-for-windows-v2-master\src\activations.h(25): warning C4244: 'return': 'double'에서 'float'(으)로 변환하면서 데이터가 손실될 수 있습니다.
c:\users\bsh23\anaconda3_64\envs\tf\yolo-for-windows-v2-master\yolo-for-windows-v2-master\src\activations.h(26): warning C4244: 'return': 'double'에서 'float'(으)로 변환하면서 데이터가 손실될 수 있습니다.
c:\users\bsh23\anaconda3_64\envs\tf\yolo-for-windows-v2-master\yolo-for-windows-v2-master\src\activations.h(24): warning C4244: '초기화 중': 'double'에서 'int'(으)로 변환하면서 데이터가 손실될 수 있습니다.
c:\users\bsh23\anaconda3_64\envs\tf\yolo-for-windows-v2-master\yolo-for-windows-v2-master\src\activations.h(35): warning C4244: 'return': 'double'에서 'float'(으)로 변환하면서 데이터가 손실될 수 있습니다.
c:\users\bsh23\anaconda3_64\envs\tf\yolo-for-windows-v2-master\yolo-for-windows-v2-master\src\activations.h(36): warning C4244: 'return': 'double'에서 'float'(으)로 변환하면서 데이터가 손실될 수 있습니다.
c:\users\bsh23\anaconda3_64\envs\tf\yolo-for-windows-v2-master\yolo-for-windows-v2-master\src\activations.h(38): warning C4244: 'return': 'double'에서 'float'(으)로 변환하면서 데이터가 손실될 수 있습니다.
c:\users\bsh23\anaconda3_64\envs\tf\yolo-for-windows-v2-master\yolo-for-windows-v2-master\src\activations.h(39): warning C4244: 'return': 'double'에서 'float'(으)로 변환하면서 데이터가 손실될 수 있습니다.
c:\users\bsh23\anaconda3_64\envs\tf\yolo-for-windows-v2-master\yolo-for-windows-v2-master\src\activations.h(40): warning C4244: 'return': 'double'에서 'float'(으)로 변환하면서 데이터가 손실될 수 있습니다.
c:\users\bsh23\anaconda3_64\envs\tf\yolo-for-windows-v2-master\yolo-for-windows-v2-master\src\activations.h(41): warning C4244: 'return': 'double'에서 'float'(으)로 변환하면서 데이터가 손실될 수 있습니다.
c:\users\bsh23\anaconda3_64\envs\tf\yolo-for-windows-v2-master\yolo-for-windows-v2-master\src\activations.h(42): warning C4244: 'return': 'double'에서 'float'(으)로 변환하면서 데이터가 손실될 수 있습니다.
c:\users\bsh23\anaconda3_64\envs\tf\yolo-for-windows-v2-master\yolo-for-windows-v2-master\src\activations.h(45): warning C4244: 'return': 'double'에서 'float'(으)로 변환하면서 데이터가 손실될 수 있습니다.
c:\users\bsh23\anaconda3_64\envs\tf\yolo-for-windows-v2-master\yolo-for-windows-v2-master\src\activations.h(46): warning C4244: 'return': 'double'에서 'float'(으)로 변환하면서 데이터가 손실될 수 있습니다.
c:\users\bsh23\anaconda3_64\envs\tf\yolo-for-windows-v2-master\yolo-for-windows-v2-master\src\activations.h(47): warning C4244: 'return': 'double'에서 'float'(으)로 변환하면서 데이터가 손실될 수 있습니다.
c:\users\bsh23\anaconda3_64\envs\tf\yolo-for-windows-v2-master\yolo-for-windows-v2-master\src\activations.h(52): warning C4244: 'return': 'double'에서 'float'(으)로 변환하면서 데이터가 손실될 수 있습니다.
c:\users\bsh23\anaconda3_64\envs\tf\yolo-for-windows-v2-master\yolo-for-windows-v2-master\src\activations.h(53): warning C4244: 'return': 'double'에서 'float'(으)로 변환하면서 데이터가 손실될 수 있습니다.
c:\users\bsh23\anaconda3_64\envs\tf\yolo-for-windows-v2-master\yolo-for-windows-v2-master\src\activations.h(59): warning C4305: 'return': 'double'에서 'float'(으)로 잘립니다.
c:\users\bsh23\anaconda3_64\envs\tf\yolo-for-windows-v2-master\yolo-for-windows-v2-master\src\activations.h(71): warning C4244: '초기화 중': 'double'에서 'float'(으)로 변환하면서 데이터가 손실될 수 있습니다.
c:\users\bsh23\anaconda3_64\envs\tf\yolo-for-windows-v2-master\yolo-for-windows-v2-master\src\activations.h(79): warning C4244: 'return': 'int'에서 'float'(으)로 변환하면서 데이터가 손실될 수 있습니다.
c:\users\bsh23\anaconda3_64\envs\tf\yolo-for-windows-v2-master\yolo-for-windows-v2-master\src\activations.h(81): warning C4244: 'return': 'double'에서 'float'(으)로 변환하면서 데이터가 손실될 수 있습니다.
c:\users\bsh23\anaconda3_64\envs\tf\yolo-for-windows-v2-master\yolo-for-windows-v2-master\src\activations.h(82): warning C4244: 'return': 'double'에서 'float'(으)로 변환하면서 데이터가 손실될 수 있습니다.
c:\users\bsh23\anaconda3_64\envs\tf\yolo-for-windows-v2-master\yolo-for-windows-v2-master\src\activations.h(83): warning C4244: 'return': 'double'에서 'float'(으)로 변환하면서 데이터가 손실될 수 있습니다.
c:\users\bsh23\anaconda3_64\envs\tf\yolo-for-windows-v2-master\yolo-for-windows-v2-master\src\activations.h(85): warning C4244: 'return': 'double'에서 'float'(으)로 변환하면서 데이터가 손실될 수 있습니다.
c:\users\bsh23\anaconda3_64\envs\tf\yolo-for-windows-v2-master\yolo-for-windows-v2-master\src\detector.c(21): warning C4244: '함수': 'time_t'에서 'unsigned int'(으)로 변환하면서 데이터가 손실될 수 있습니다.
c:\users\bsh23\anaconda3_64\envs\tf\yolo-for-windows-v2-master\yolo-for-windows-v2-master\src\detector.c(27): warning C4244: '함수': 'time_t'에서 'unsigned int'(으)로 변환하면서 데이터가 손실될 수 있습니다.
c:\users\bsh23\anaconda3_64\envs\tf\yolo-for-windows-v2-master\yolo-for-windows-v2-master\src\detector.c(42): warning C4244: '함수': 'time_t'에서 'unsigned int'(으)로 변환하면서 데이터가 손실될 수 있습니다.
c:\users\bsh23\anaconda3_64\envs\tf\yolo-for-windows-v2-master\yolo-for-windows-v2-master\src\detector.c(136): warning C4244: '=': 'double'에서 'float'(으)로 변환하면서 데이터가 손실될 수 있습니다.
c:\users\bsh23\anaconda3_64\envs\tf\yolo-for-windows-v2-master\yolo-for-windows-v2-master\src\detector.c(177): warning C4244: '=': 'int'에서 'float'(으)로 변환하면서 데이터가 손실될 수 있습니다.
c:\users\bsh23\anaconda3_64\envs\tf\yolo-for-windows-v2-master\yolo-for-windows-v2-master\src\detector.c(178): warning C4244: '=': 'int'에서 'float'(으)로 변환하면서 데이터가 손실될 수 있습니다.
c:\users\bsh23\anaconda3_64\envs\tf\yolo-for-windows-v2-master\yolo-for-windows-v2-master\src\detector.c(170): warning C4244: '초기화 중': 'double'에서 'float'(으)로 변환하면서 데이터가 손실될 수 있습니다.
c:\users\bsh23\anaconda3_64\envs\tf\yolo-for-windows-v2-master\yolo-for-windows-v2-master\src\detector.c(171): warning C4244: '초기화 중': 'double'에서 'float'(으)로 변환하면서 데이터가 손실될 수 있습니다.
c:\users\bsh23\anaconda3_64\envs\tf\yolo-for-windows-v2-master\yolo-for-windows-v2-master\src\detector.c(172): warning C4244: '초기화 중': 'double'에서 'float'(으)로 변환하면서 데이터가 손실될 수 있습니다.
c:\users\bsh23\anaconda3_64\envs\tf\yolo-for-windows-v2-master\yolo-for-windows-v2-master\src\detector.c(173): warning C4244: '초기화 중': 'double'에서 'float'(으)로 변환하면서 데이터가 손실될 수 있습니다.
c:\users\bsh23\anaconda3_64\envs\tf\yolo-for-windows-v2-master\yolo-for-windows-v2-master\src\detector.c(202): warning C4244: '=': 'int'에서 'float'(으)로 변환하면서 데이터가 손실될 수 있습니다.
c:\users\bsh23\anaconda3_64\envs\tf\yolo-for-windows-v2-master\yolo-for-windows-v2-master\src\detector.c(203): warning C4244: '=': 'int'에서 'float'(으)로 변환하면서 데이터가 손실될 수 있습니다.
c:\users\bsh23\anaconda3_64\envs\tf\yolo-for-windows-v2-master\yolo-for-windows-v2-master\src\detector.c(195): warning C4244: '초기화 중': 'double'에서 'float'(으)로 변환하면서 데이터가 손실될 수 있습니다.
c:\users\bsh23\anaconda3_64\envs\tf\yolo-for-windows-v2-master\yolo-for-windows-v2-master\src\detector.c(196): warning C4244: '초기화 중': 'double'에서 'float'(으)로 변환하면서 데이터가 손실될 수 있습니다.
c:\users\bsh23\anaconda3_64\envs\tf\yolo-for-windows-v2-master\yolo-for-windows-v2-master\src\detector.c(197): warning C4244: '초기화 중': 'double'에서 'float'(으)로 변환하면서 데이터가 손실될 수 있습니다.
c:\users\bsh23\anaconda3_64\envs\tf\yolo-for-windows-v2-master\yolo-for-windows-v2-master\src\detector.c(198): warning C4244: '초기화 중': 'double'에서 'float'(으)로 변환하면서 데이터가 손실될 수 있습니다.
c:\users\bsh23\anaconda3_64\envs\tf\yolo-for-windows-v2-master\yolo-for-windows-v2-master\src\detector.c(223): warning C4244: '=': 'int'에서 'float'(으)로 변환하면서 데이터가 손실될 수 있습니다.
c:\users\bsh23\anaconda3_64\envs\tf\yolo-for-windows-v2-master\yolo-for-windows-v2-master\src\detector.c(224): warning C4244: '=': 'int'에서 'float'(으)로 변환하면서 데이터가 손실될 수 있습니다.
c:\users\bsh23\anaconda3_64\envs\tf\yolo-for-windows-v2-master\yolo-for-windows-v2-master\src\detector.c(216): warning C4244: '초기화 중': 'double'에서 'float'(으)로 변환하면서 데이터가 손실될 수 있습니다.
c:\users\bsh23\anaconda3_64\envs\tf\yolo-for-windows-v2-master\yolo-for-windows-v2-master\src\detector.c(217): warning C4244: '초기화 중': 'double'에서 'float'(으)로 변환하면서 데이터가 손실될 수 있습니다.
c:\users\bsh23\anaconda3_64\envs\tf\yolo-for-windows-v2-master\yolo-for-windows-v2-master\src\detector.c(218): warning C4244: '초기화 중': 'double'에서 'float'(으)로 변환하면서 데이터가 손실될 수 있습니다.
c:\users\bsh23\anaconda3_64\envs\tf\yolo-for-windows-v2-master\yolo-for-windows-v2-master\src\detector.c(219): warning C4244: '초기화 중': 'double'에서 'float'(으)로 변환하면서 데이터가 손실될 수 있습니다.
c:\users\bsh23\anaconda3_64\envs\tf\yolo-for-windows-v2-master\yolo-for-windows-v2-master\src\detector.c(252): warning C4244: '함수': 'time_t'에서 'unsigned int'(으)로 변환하면서 데이터가 손실될 수 있습니다.
c:\users\bsh23\anaconda3_64\envs\tf\yolo-for-windows-v2-master\yolo-for-windows-v2-master\src\detector.c(294): warning C4305: '초기화 중': 'double'에서 'float'(으)로 잘립니다.
c:\users\bsh23\anaconda3_64\envs\tf\yolo-for-windows-v2-master\yolo-for-windows-v2-master\src\detector.c(295): warning C4305: '초기화 중': 'double'에서 'float'(으)로 잘립니다.
c:\users\bsh23\anaconda3_64\envs\tf\yolo-for-windows-v2-master\yolo-for-windows-v2-master\src\detector.c(369): warning C4244: '함수': 'time_t'에서 'unsigned int'(으)로 변환하면서 데이터가 손실될 수 있습니다.
c:\users\bsh23\anaconda3_64\envs\tf\yolo-for-windows-v2-master\yolo-for-windows-v2-master\src\detector.c(385): warning C4305: '초기화 중': 'double'에서 'float'(으)로 잘립니다.
c:\users\bsh23\anaconda3_64\envs\tf\yolo-for-windows-v2-master\yolo-for-windows-v2-master\src\detector.c(387): warning C4305: '초기화 중': 'double'에서 'float'(으)로 잘립니다.
c:\users\bsh23\anaconda3_64\envs\tf\yolo-for-windows-v2-master\yolo-for-windows-v2-master\src\detector.c(456): warning C4305: '초기화 중': 'double'에서 'float'(으)로 잘립니다.
c:\users\bsh23\anaconda3_64\envs\tf\yolo-for-windows-v2-master\yolo-for-windows-v2-master\src\detector.c(515): warning C4305: '함수': 'double'에서 'float'(으)로 잘립니다.
c:\users\bsh23\anaconda3_64\envs\tf\yolo-for-windows-v2-master\yolo-for-windows-v2-master\src\detector.c(528): warning C4267: '초기화 중': 'size_t'에서 'int'(으)로 변환하면서 데이터가 손실될 수 있습니다.
  darknet.c
c:\users\bsh23\anaconda3_64\envs\tf\yolo-for-windows-v2-master\yolo-for-windows-v2-master\src\activations.h(25): warning C4244: 'return': 'double'에서 'float'(으)로 변환하면서 데이터가 손실될 수 있습니다.
c:\users\bsh23\anaconda3_64\envs\tf\yolo-for-windows-v2-master\yolo-for-windows-v2-master\src\activations.h(26): warning C4244: 'return': 'double'에서 'float'(으)로 변환하면서 데이터가 손실될 수 있습니다.
c:\users\bsh23\anaconda3_64\envs\tf\yolo-for-windows-v2-master\yolo-for-windows-v2-master\src\activations.h(24): warning C4244: '초기화 중': 'double'에서 'int'(으)로 변환하면서 데이터가 손실될 수 있습니다.
c:\users\bsh23\anaconda3_64\envs\tf\yolo-for-windows-v2-master\yolo-for-windows-v2-master\src\activations.h(35): warning C4244: 'return': 'double'에서 'float'(으)로 변환하면서 데이터가 손실될 수 있습니다.
c:\users\bsh23\anaconda3_64\envs\tf\yolo-for-windows-v2-master\yolo-for-windows-v2-master\src\activations.h(36): warning C4244: 'return': 'double'에서 'float'(으)로 변환하면서 데이터가 손실될 수 있습니다.
c:\users\bsh23\anaconda3_64\envs\tf\yolo-for-windows-v2-master\yolo-for-windows-v2-master\src\activations.h(38): warning C4244: 'return': 'double'에서 'float'(으)로 변환하면서 데이터가 손실될 수 있습니다.
c:\users\bsh23\anaconda3_64\envs\tf\yolo-for-windows-v2-master\yolo-for-windows-v2-master\src\activations.h(39): warning C4244: 'return': 'double'에서 'float'(으)로 변환하면서 데이터가 손실될 수 있습니다.
c:\users\bsh23\anaconda3_64\envs\tf\yolo-for-windows-v2-master\yolo-for-windows-v2-master\src\activations.h(40): warning C4244: 'return': 'double'에서 'float'(으)로 변환하면서 데이터가 손실될 수 있습니다.
c:\users\bsh23\anaconda3_64\envs\tf\yolo-for-windows-v2-master\yolo-for-windows-v2-master\src\activations.h(41): warning C4244: 'return': 'double'에서 'float'(으)로 변환하면서 데이터가 손실될 수 있습니다.
c:\users\bsh23\anaconda3_64\envs\tf\yolo-for-windows-v2-master\yolo-for-windows-v2-master\src\activations.h(42): warning C4244: 'return': 'double'에서 'float'(으)로 변환하면서 데이터가 손실될 수 있습니다.
c:\users\bsh23\anaconda3_64\envs\tf\yolo-for-windows-v2-master\yolo-for-windows-v2-master\src\activations.h(45): warning C4244: 'return': 'double'에서 'float'(으)로 변환하면서 데이터가 손실될 수 있습니다.
c:\users\bsh23\anaconda3_64\envs\tf\yolo-for-windows-v2-master\yolo-for-windows-v2-master\src\activations.h(46): warning C4244: 'return': 'double'에서 'float'(으)로 변환하면서 데이터가 손실될 수 있습니다.
c:\users\bsh23\anaconda3_64\envs\tf\yolo-for-windows-v2-master\yolo-for-windows-v2-master\src\activations.h(47): warning C4244: 'return': 'double'에서 'float'(으)로 변환하면서 데이터가 손실될 수 있습니다.
c:\users\bsh23\anaconda3_64\envs\tf\yolo-for-windows-v2-master\yolo-for-windows-v2-master\src\activations.h(52): warning C4244: 'return': 'double'에서 'float'(으)로 변환하면서 데이터가 손실될 수 있습니다.
c:\users\bsh23\anaconda3_64\envs\tf\yolo-for-windows-v2-master\yolo-for-windows-v2-master\src\activations.h(53): warning C4244: 'return': 'double'에서 'float'(으)로 변환하면서 데이터가 손실될 수 있습니다.
c:\users\bsh23\anaconda3_64\envs\tf\yolo-for-windows-v2-master\yolo-for-windows-v2-master\src\activations.h(59): warning C4305: 'return': 'double'에서 'float'(으)로 잘립니다.
c:\users\bsh23\anaconda3_64\envs\tf\yolo-for-windows-v2-master\yolo-for-windows-v2-master\src\activations.h(71): warning C4244: '초기화 중': 'double'에서 'float'(으)로 변환하면서 데이터가 손실될 수 있습니다.
c:\users\bsh23\anaconda3_64\envs\tf\yolo-for-windows-v2-master\yolo-for-windows-v2-master\src\activations.h(79): warning C4244: 'return': 'int'에서 'float'(으)로 변환하면서 데이터가 손실될 수 있습니다.
c:\users\bsh23\anaconda3_64\envs\tf\yolo-for-windows-v2-master\yolo-for-windows-v2-master\src\activations.h(81): warning C4244: 'return': 'double'에서 'float'(으)로 변환하면서 데이터가 손실될 수 있습니다.
c:\users\bsh23\anaconda3_64\envs\tf\yolo-for-windows-v2-master\yolo-for-windows-v2-master\src\activations.h(82): warning C4244: 'return': 'double'에서 'float'(으)로 변환하면서 데이터가 손실될 수 있습니다.
c:\users\bsh23\anaconda3_64\envs\tf\yolo-for-windows-v2-master\yolo-for-windows-v2-master\src\activations.h(83): warning C4244: 'return': 'double'에서 'float'(으)로 변환하면서 데이터가 손실될 수 있습니다.
c:\users\bsh23\anaconda3_64\envs\tf\yolo-for-windows-v2-master\yolo-for-windows-v2-master\src\activations.h(85): warning C4244: 'return': 'double'에서 'float'(으)로 변환하면서 데이터가 손실될 수 있습니다.
c:\users\bsh23\anaconda3_64\envs\tf\yolo-for-windows-v2-master\yolo-for-windows-v2-master\src\darknet.c(75): warning C4244: '함수': 'double'에서 'float'(으)로 변환하면서 데이터가 손실될 수 있습니다.
c:\users\bsh23\anaconda3_64\envs\tf\yolo-for-windows-v2-master\yolo-for-windows-v2-master\src\darknet.c(76): warning C4244: '함수': 'double'에서 'float'(으)로 변환하면서 데이터가 손실될 수 있습니다.
c:\users\bsh23\anaconda3_64\envs\tf\yolo-for-windows-v2-master\yolo-for-windows-v2-master\src\darknet.c(78): warning C4244: '함수': 'double'에서 'float'(으)로 변환하면서 데이터가 손실될 수 있습니다.
c:\users\bsh23\anaconda3_64\envs\tf\yolo-for-windows-v2-master\yolo-for-windows-v2-master\src\darknet.c(79): warning C4244: '함수': 'double'에서 'float'(으)로 변환하면서 데이터가 손실될 수 있습니다.
c:\users\bsh23\anaconda3_64\envs\tf\yolo-for-windows-v2-master\yolo-for-windows-v2-master\src\darknet.c(80): warning C4244: '함수': 'double'에서 'float'(으)로 변환하면서 데이터가 손실될 수 있습니다.
c:\users\bsh23\anaconda3_64\envs\tf\yolo-for-windows-v2-master\yolo-for-windows-v2-master\src\darknet.c(84): warning C4244: '함수': 'double'에서 'float'(으)로 변환하면서 데이터가 손실될 수 있습니다.
c:\users\bsh23\anaconda3_64\envs\tf\yolo-for-windows-v2-master\yolo-for-windows-v2-master\src\darknet.c(85): warning C4244: '함수': 'double'에서 'float'(으)로 변환하면서 데이터가 손실될 수 있습니다.
c:\users\bsh23\anaconda3_64\envs\tf\yolo-for-windows-v2-master\yolo-for-windows-v2-master\src\darknet.c(384): warning C4305: '함수': 'double'에서 'float'(으)로 잘립니다.
c:\users\bsh23\anaconda3_64\envs\tf\yolo-for-windows-v2-master\yolo-for-windows-v2-master\src\darknet.c(412): warning C4244: '함수': 'double'에서 'int'(으)로 변환하면서 데이터가 손실될 수 있습니다.
  코드를 생성하고 있습니다...
  darknet_no_gpu.vcxproj -> C:\Users\bsh23\Anaconda3_64\envs\tf\yolo-for-windows-v2-master\yolo-for-windows-v2-master\build\darknet\x64\darknet_no_gpu.exe
  darknet_no_gpu.vcxproj -> C:\Users\bsh23\Anaconda3_64\envs\tf\yolo-for-windows-v2-master\yolo-for-windows-v2-master\build\darknet\x64\darknet_no_gpu.pdb (Full PDB)
