c:\users\bsh23\anaconda3_64\envs\tf\yolo-for-windows-v2-master\yolo-for-windows-v2-master\build\darknet\x64\debug\vc140.pdb
c:\users\bsh23\anaconda3_64\envs\tf\yolo-for-windows-v2-master\yolo-for-windows-v2-master\build\darknet\x64\debug\vc140.idb
c:\users\bsh23\anaconda3_64\envs\tf\yolo-for-windows-v2-master\yolo-for-windows-v2-master\build\darknet\x64\debug\nightmare.obj
c:\users\bsh23\anaconda3_64\envs\tf\yolo-for-windows-v2-master\yolo-for-windows-v2-master\build\darknet\x64\debug\normalization_layer.obj
c:\users\bsh23\anaconda3_64\envs\tf\yolo-for-windows-v2-master\yolo-for-windows-v2-master\build\darknet\x64\debug\option_list.obj
c:\users\bsh23\anaconda3_64\envs\tf\yolo-for-windows-v2-master\yolo-for-windows-v2-master\build\darknet\x64\debug\parser.obj
c:\users\bsh23\anaconda3_64\envs\tf\yolo-for-windows-v2-master\yolo-for-windows-v2-master\build\darknet\x64\debug\region_layer.obj
c:\users\bsh23\anaconda3_64\envs\tf\yolo-for-windows-v2-master\yolo-for-windows-v2-master\build\darknet\x64\debug\reorg_layer.obj
c:\users\bsh23\anaconda3_64\envs\tf\yolo-for-windows-v2-master\yolo-for-windows-v2-master\build\darknet\x64\debug\rnn.obj
c:\users\bsh23\anaconda3_64\envs\tf\yolo-for-windows-v2-master\yolo-for-windows-v2-master\build\darknet\x64\debug\rnn_layer.obj
c:\users\bsh23\anaconda3_64\envs\tf\yolo-for-windows-v2-master\yolo-for-windows-v2-master\build\darknet\x64\debug\rnn_vid.obj
c:\users\bsh23\anaconda3_64\envs\tf\yolo-for-windows-v2-master\yolo-for-windows-v2-master\build\darknet\x64\debug\route_layer.obj
c:\users\bsh23\anaconda3_64\envs\tf\yolo-for-windows-v2-master\yolo-for-windows-v2-master\build\darknet\x64\debug\shortcut_layer.obj
c:\users\bsh23\anaconda3_64\envs\tf\yolo-for-windows-v2-master\yolo-for-windows-v2-master\build\darknet\x64\debug\softmax_layer.obj
c:\users\bsh23\anaconda3_64\envs\tf\yolo-for-windows-v2-master\yolo-for-windows-v2-master\build\darknet\x64\debug\super.obj
c:\users\bsh23\anaconda3_64\envs\tf\yolo-for-windows-v2-master\yolo-for-windows-v2-master\build\darknet\x64\debug\swag.obj
c:\users\bsh23\anaconda3_64\envs\tf\yolo-for-windows-v2-master\yolo-for-windows-v2-master\build\darknet\x64\debug\tag.obj
c:\users\bsh23\anaconda3_64\envs\tf\yolo-for-windows-v2-master\yolo-for-windows-v2-master\build\darknet\x64\debug\tree.obj
c:\users\bsh23\anaconda3_64\envs\tf\yolo-for-windows-v2-master\yolo-for-windows-v2-master\build\darknet\x64\debug\utils.obj
c:\users\bsh23\anaconda3_64\envs\tf\yolo-for-windows-v2-master\yolo-for-windows-v2-master\build\darknet\x64\debug\voxel.obj
c:\users\bsh23\anaconda3_64\envs\tf\yolo-for-windows-v2-master\yolo-for-windows-v2-master\build\darknet\x64\debug\writing.obj
c:\users\bsh23\anaconda3_64\envs\tf\yolo-for-windows-v2-master\yolo-for-windows-v2-master\build\darknet\x64\debug\yolo.obj
c:\users\bsh23\anaconda3_64\envs\tf\yolo-for-windows-v2-master\yolo-for-windows-v2-master\build\darknet\x64\debug\data.obj
c:\users\bsh23\anaconda3_64\envs\tf\yolo-for-windows-v2-master\yolo-for-windows-v2-master\build\darknet\x64\debug\deconvolutional_layer.obj
c:\users\bsh23\anaconda3_64\envs\tf\yolo-for-windows-v2-master\yolo-for-windows-v2-master\build\darknet\x64\debug\demo.obj
c:\users\bsh23\anaconda3_64\envs\tf\yolo-for-windows-v2-master\yolo-for-windows-v2-master\build\darknet\x64\debug\detection_layer.obj
c:\users\bsh23\anaconda3_64\envs\tf\yolo-for-windows-v2-master\yolo-for-windows-v2-master\build\darknet\x64\debug\detector.obj
c:\users\bsh23\anaconda3_64\envs\tf\yolo-for-windows-v2-master\yolo-for-windows-v2-master\build\darknet\x64\debug\dice.obj
c:\users\bsh23\anaconda3_64\envs\tf\yolo-for-windows-v2-master\yolo-for-windows-v2-master\build\darknet\x64\debug\dropout_layer.obj
c:\users\bsh23\anaconda3_64\envs\tf\yolo-for-windows-v2-master\yolo-for-windows-v2-master\build\darknet\x64\debug\gemm.obj
c:\users\bsh23\anaconda3_64\envs\tf\yolo-for-windows-v2-master\yolo-for-windows-v2-master\build\darknet\x64\debug\getopt.obj
c:\users\bsh23\anaconda3_64\envs\tf\yolo-for-windows-v2-master\yolo-for-windows-v2-master\build\darknet\x64\debug\gettimeofday.obj
c:\users\bsh23\anaconda3_64\envs\tf\yolo-for-windows-v2-master\yolo-for-windows-v2-master\build\darknet\x64\debug\go.obj
c:\users\bsh23\anaconda3_64\envs\tf\yolo-for-windows-v2-master\yolo-for-windows-v2-master\build\darknet\x64\debug\gru_layer.obj
c:\users\bsh23\anaconda3_64\envs\tf\yolo-for-windows-v2-master\yolo-for-windows-v2-master\build\darknet\x64\debug\im2col.obj
c:\users\bsh23\anaconda3_64\envs\tf\yolo-for-windows-v2-master\yolo-for-windows-v2-master\build\darknet\x64\debug\image.obj
c:\users\bsh23\anaconda3_64\envs\tf\yolo-for-windows-v2-master\yolo-for-windows-v2-master\build\darknet\x64\debug\layer.obj
c:\users\bsh23\anaconda3_64\envs\tf\yolo-for-windows-v2-master\yolo-for-windows-v2-master\build\darknet\x64\debug\list.obj
c:\users\bsh23\anaconda3_64\envs\tf\yolo-for-windows-v2-master\yolo-for-windows-v2-master\build\darknet\x64\debug\local_layer.obj
c:\users\bsh23\anaconda3_64\envs\tf\yolo-for-windows-v2-master\yolo-for-windows-v2-master\build\darknet\x64\debug\matrix.obj
c:\users\bsh23\anaconda3_64\envs\tf\yolo-for-windows-v2-master\yolo-for-windows-v2-master\build\darknet\x64\debug\maxpool_layer.obj
c:\users\bsh23\anaconda3_64\envs\tf\yolo-for-windows-v2-master\yolo-for-windows-v2-master\build\darknet\x64\debug\network.obj
c:\users\bsh23\anaconda3_64\envs\tf\yolo-for-windows-v2-master\yolo-for-windows-v2-master\build\darknet\x64\debug\activation_layer.obj
c:\users\bsh23\anaconda3_64\envs\tf\yolo-for-windows-v2-master\yolo-for-windows-v2-master\build\darknet\x64\debug\art.obj
c:\users\bsh23\anaconda3_64\envs\tf\yolo-for-windows-v2-master\yolo-for-windows-v2-master\build\darknet\x64\debug\avgpool_layer.obj
c:\users\bsh23\anaconda3_64\envs\tf\yolo-for-windows-v2-master\yolo-for-windows-v2-master\build\darknet\x64\debug\batchnorm_layer.obj
c:\users\bsh23\anaconda3_64\envs\tf\yolo-for-windows-v2-master\yolo-for-windows-v2-master\build\darknet\x64\debug\blas.obj
c:\users\bsh23\anaconda3_64\envs\tf\yolo-for-windows-v2-master\yolo-for-windows-v2-master\build\darknet\x64\debug\box.obj
c:\users\bsh23\anaconda3_64\envs\tf\yolo-for-windows-v2-master\yolo-for-windows-v2-master\build\darknet\x64\debug\captcha.obj
c:\users\bsh23\anaconda3_64\envs\tf\yolo-for-windows-v2-master\yolo-for-windows-v2-master\build\darknet\x64\debug\cifar.obj
c:\users\bsh23\anaconda3_64\envs\tf\yolo-for-windows-v2-master\yolo-for-windows-v2-master\build\darknet\x64\debug\classifier.obj
c:\users\bsh23\anaconda3_64\envs\tf\yolo-for-windows-v2-master\yolo-for-windows-v2-master\build\darknet\x64\debug\coco.obj
c:\users\bsh23\anaconda3_64\envs\tf\yolo-for-windows-v2-master\yolo-for-windows-v2-master\build\darknet\x64\debug\col2im.obj
c:\users\bsh23\anaconda3_64\envs\tf\yolo-for-windows-v2-master\yolo-for-windows-v2-master\build\darknet\x64\debug\compare.obj
c:\users\bsh23\anaconda3_64\envs\tf\yolo-for-windows-v2-master\yolo-for-windows-v2-master\build\darknet\x64\debug\connected_layer.obj
c:\users\bsh23\anaconda3_64\envs\tf\yolo-for-windows-v2-master\yolo-for-windows-v2-master\build\darknet\x64\debug\convolutional_layer.obj
c:\users\bsh23\anaconda3_64\envs\tf\yolo-for-windows-v2-master\yolo-for-windows-v2-master\build\darknet\x64\debug\cost_layer.obj
c:\users\bsh23\anaconda3_64\envs\tf\yolo-for-windows-v2-master\yolo-for-windows-v2-master\build\darknet\x64\debug\cpu_gemm.obj
c:\users\bsh23\anaconda3_64\envs\tf\yolo-for-windows-v2-master\yolo-for-windows-v2-master\build\darknet\x64\debug\crnn_layer.obj
c:\users\bsh23\anaconda3_64\envs\tf\yolo-for-windows-v2-master\yolo-for-windows-v2-master\build\darknet\x64\debug\crop_layer.obj
c:\users\bsh23\anaconda3_64\envs\tf\yolo-for-windows-v2-master\yolo-for-windows-v2-master\build\darknet\x64\debug\cuda.obj
c:\users\bsh23\anaconda3_64\envs\tf\yolo-for-windows-v2-master\yolo-for-windows-v2-master\build\darknet\x64\debug\darknet.obj
c:\users\bsh23\anaconda3_64\envs\tf\yolo-for-windows-v2-master\yolo-for-windows-v2-master\build\darknet\x64\debug\activations.obj
c:\users\bsh23\anaconda3_64\envs\tf\yolo-for-windows-v2-master\yolo-for-windows-v2-master\build\darknet\x64\darknet_no_gpu.ilk
c:\users\bsh23\anaconda3_64\envs\tf\yolo-for-windows-v2-master\yolo-for-windows-v2-master\build\darknet\x64\darknet_no_gpu.exe
c:\users\bsh23\anaconda3_64\envs\tf\yolo-for-windows-v2-master\yolo-for-windows-v2-master\build\darknet\x64\darknet_no_gpu.pdb
c:\users\bsh23\anaconda3_64\envs\tf\yolo-for-windows-v2-master\yolo-for-windows-v2-master\build\darknet\x64\debug\darknet_no_gpu.tlog\cl.command.1.tlog
c:\users\bsh23\anaconda3_64\envs\tf\yolo-for-windows-v2-master\yolo-for-windows-v2-master\build\darknet\x64\debug\darknet_no_gpu.tlog\cl.read.1.tlog
c:\users\bsh23\anaconda3_64\envs\tf\yolo-for-windows-v2-master\yolo-for-windows-v2-master\build\darknet\x64\debug\darknet_no_gpu.tlog\cl.write.1.tlog
c:\users\bsh23\anaconda3_64\envs\tf\yolo-for-windows-v2-master\yolo-for-windows-v2-master\build\darknet\x64\debug\darknet_no_gpu.tlog\link.command.1.tlog
c:\users\bsh23\anaconda3_64\envs\tf\yolo-for-windows-v2-master\yolo-for-windows-v2-master\build\darknet\x64\debug\darknet_no_gpu.tlog\link.read.1.tlog
c:\users\bsh23\anaconda3_64\envs\tf\yolo-for-windows-v2-master\yolo-for-windows-v2-master\build\darknet\x64\debug\darknet_no_gpu.tlog\link.write.1.tlog
